<?xml version="1.0" encoding="UTF-8"?>
<!-- Generated by org.testng.reporters.JUnitReportReporter -->
<testsuite hostname="Hanans-MacBook-Pro.local" failures="0" tests="2" name="tests.CartTests" time="14.516" errors="0" timestamp="2025-05-16T00:35:10 EEST" skipped="0">
  <testcase classname="tests.CartTests" name="testAddToCart" time="2.227"/>
  <testcase classname="tests.CartTests" name="testRemoveFromCart" time="12.289"/>
</testsuite> <!-- tests.CartTests -->
