<?xml version="1.0" encoding="UTF-8"?>
<!-- Generated by org.testng.reporters.JUnitReportReporter -->
<testsuite hostname="Hanans-MacBook-Pro.local" failures="0" tests="2" name="tests.LoginTests" time="4.241" errors="0" timestamp="2025-05-16T00:58:54 EEST" skipped="0">
  <testcase classname="tests.LoginTests" name="testInvalidLogin" time="2.026"/>
  <testcase classname="tests.LoginTests" name="testSuccessfulLogin" time="2.215"/>
</testsuite> <!-- tests.LoginTests -->
