<?xml version="1.0" encoding="UTF-8"?>
<!-- Generated by org.testng.reporters.JUnitReportReporter -->
<testsuite hostname="Hanans-MacBook-Pro.local" failures="0" tests="2" name="tests.ProductSearchTests" time="4.510" errors="0" timestamp="2025-05-16T00:35:10 EEST" skipped="0">
  <testcase classname="tests.ProductSearchTests" name="testProductSorting" time="2.281"/>
  <testcase classname="tests.ProductSearchTests" name="testProductListing" time="2.229"/>
</testsuite> <!-- tests.ProductSearchTests -->
