<?xml version="1.0" encoding="UTF-8"?>
<!-- Generated by org.testng.reporters.JUnitReportReporter -->
<testsuite hostname="Hanans-MacBook-Pro.local" failures="0" tests="1" name="tests.CheckoutTests" time="3.328" errors="0" timestamp="2025-05-16T00:36:59 EEST" skipped="0">
  <testcase classname="tests.CheckoutTests" name="testCompleteCheckout" time="3.328"/>
</testsuite> <!-- tests.CheckoutTests -->
