<?xml version="1.0" encoding="UTF-8"?>
<!-- Generated by org.testng.reporters.JUnitReportReporter -->
<testsuite hostname="Hanans-MacBook-Pro.local" failures="0" tests="2" name="tests.CartTests" time="14.491" errors="0" timestamp="2025-05-16T00:58:54 EEST" skipped="0">
  <testcase classname="tests.CartTests" name="testRemoveFromCart" time="12.145"/>
  <testcase classname="tests.CartTests" name="testAddToCart" time="2.346"/>
</testsuite> <!-- tests.CartTests -->
